<?xml version="1.0" encoding="UTF-8"?>
<robot generator="Robot 4.0 (Python 3.9.2 on win32)" generated="20211216 20:17:22.074" rpa="false" schemaversion="2">
<suite id="s1" name="Resource" source="D:\Users\mauri\Documents\Cursos\Robot\Robot_Desktop\resources\abrirApp\resource.robot">
<test id="s1-t1" name="Cenário 01: Abrir Filmora editar e executar um projeto">
<kw name="Dado que o Filmora seja iniciado" library="keywords">
<kw name="Iniciar Filmora" library="keywords">
<kw name="Launch Application" library="ImageHorizonLibrary">
<arg>C:/Program Files/Wondershare/Filmora9/Wondershare Filmora9.exe</arg>
<doc>Launches an application.</doc>
<status status="PASS" starttime="20211216 20:17:22.518" endtime="20211216 20:17:22.522"/>
</kw>
<status status="PASS" starttime="20211216 20:17:22.518" endtime="20211216 20:17:22.522"/>
</kw>
<kw name="Sleep" library="BuiltIn">
<arg>25</arg>
<doc>Pauses the test executed for the given time.</doc>
<msg timestamp="20211216 20:17:47.536" level="INFO">Slept 25 seconds</msg>
<status status="PASS" starttime="20211216 20:17:22.522" endtime="20211216 20:17:47.537"/>
</kw>
<kw name="Click Image" library="ImageHorizonLibrary">
<arg>app.png</arg>
<doc>Finds the reference image on screen and clicks it once.</doc>
<msg timestamp="20211216 20:17:47.771" level="INFO">Image "D:\Users\mauri\Documents\Cursos\Robot\Robot_Desktop\resources\images\app.png" found at Box(left=957, top=727, width=42, height=41)</msg>
<msg timestamp="20211216 20:17:47.771" level="INFO">Clicking image "app.png" in position (978, 747)</msg>
<status status="PASS" starttime="20211216 20:17:47.538" endtime="20211216 20:17:47.881"/>
</kw>
<status status="PASS" starttime="20211216 20:17:22.517" endtime="20211216 20:17:47.881"/>
</kw>
<kw name="Quando abrir projeto existente" library="keywords">
<kw name="Click Image" library="ImageHorizonLibrary">
<arg>abrir.png</arg>
<doc>Finds the reference image on screen and clicks it once.</doc>
<msg timestamp="20211216 20:17:48.081" level="INFO">Image "D:\Users\mauri\Documents\Cursos\Robot\Robot_Desktop\resources\images\abrir.png" found at Box(left=828, top=237, width=75, height=25)</msg>
<msg timestamp="20211216 20:17:48.081" level="INFO">Clicking image "abrir.png" in position (865, 249)</msg>
<status status="PASS" starttime="20211216 20:17:47.883" endtime="20211216 20:17:48.195"/>
</kw>
<kw name="Double Click" library="ImageHorizonLibrary">
<doc>Double clicks with the specified mouse button.</doc>
<status status="PASS" starttime="20211216 20:17:48.196" endtime="20211216 20:17:48.330"/>
</kw>
<kw name="Sleep" library="BuiltIn">
<arg>5</arg>
<doc>Pauses the test executed for the given time.</doc>
<msg timestamp="20211216 20:17:53.342" level="INFO">Slept 5 seconds</msg>
<status status="PASS" starttime="20211216 20:17:48.330" endtime="20211216 20:17:53.343"/>
</kw>
<kw name="Wait For" library="ImageHorizonLibrary">
<arg>projetoCarregado.png</arg>
<doc>Tries to locate given image from the screen for given time.</doc>
<msg timestamp="20211216 20:17:53.581" level="INFO">Image "projetoCarregado.png" found at (1055, 183)</msg>
<status status="PASS" starttime="20211216 20:17:53.343" endtime="20211216 20:17:53.582"/>
</kw>
<status status="PASS" starttime="20211216 20:17:47.882" endtime="20211216 20:17:53.582"/>
</kw>
<kw name="E selecionar e editar o texto do video" library="keywords">
<kw name="Click Image" library="ImageHorizonLibrary">
<arg>editarTexto.png</arg>
<doc>Finds the reference image on screen and clicks it once.</doc>
<msg timestamp="20211216 20:17:53.775" level="INFO">Image "D:\Users\mauri\Documents\Cursos\Robot\Robot_Desktop\resources\images\editartexto.png" found at Box(left=892, top=152, width=315, height=50)</msg>
<msg timestamp="20211216 20:17:53.775" level="INFO">Clicking image "editarTexto.png" in position (1049, 177)</msg>
<status status="PASS" starttime="20211216 20:17:53.583" endtime="20211216 20:17:53.889"/>
</kw>
<kw name="Sleep" library="BuiltIn">
<arg>2</arg>
<doc>Pauses the test executed for the given time.</doc>
<msg timestamp="20211216 20:17:55.897" level="INFO">Slept 2 seconds</msg>
<status status="PASS" starttime="20211216 20:17:53.889" endtime="20211216 20:17:55.897"/>
</kw>
<kw name="Double Click" library="ImageHorizonLibrary">
<doc>Double clicks with the specified mouse button.</doc>
<status status="PASS" starttime="20211216 20:17:55.898" endtime="20211216 20:17:56.020"/>
</kw>
<kw name="Sleep" library="BuiltIn">
<arg>2</arg>
<doc>Pauses the test executed for the given time.</doc>
<msg timestamp="20211216 20:17:58.023" level="INFO">Slept 2 seconds</msg>
<status status="PASS" starttime="20211216 20:17:56.020" endtime="20211216 20:17:58.023"/>
</kw>
<kw name="Click Image" library="ImageHorizonLibrary">
<arg>campoTexto.png</arg>
<doc>Finds the reference image on screen and clicks it once.</doc>
<msg timestamp="20211216 20:17:58.220" level="INFO">Image "D:\Users\mauri\Documents\Cursos\Robot\Robot_Desktop\resources\images\campotexto.png" found at Box(left=333, top=170, width=388, height=149)</msg>
<msg timestamp="20211216 20:17:58.220" level="INFO">Clicking image "campoTexto.png" in position (527, 244)</msg>
<status status="PASS" starttime="20211216 20:17:58.024" endtime="20211216 20:17:58.335"/>
</kw>
<kw name="Click Image" library="ImageHorizonLibrary">
<arg>your.png</arg>
<doc>Finds the reference image on screen and clicks it once.</doc>
<msg timestamp="20211216 20:17:58.509" level="INFO">Image "D:\Users\mauri\Documents\Cursos\Robot\Robot_Desktop\resources\images\your.png" found at Box(left=332, top=171, width=47, height=24)</msg>
<msg timestamp="20211216 20:17:58.509" level="INFO">Clicking image "your.png" in position (355, 183)</msg>
<status status="PASS" starttime="20211216 20:17:58.335" endtime="20211216 20:17:58.614"/>
</kw>
<kw name="Sleep" library="BuiltIn">
<arg>2</arg>
<doc>Pauses the test executed for the given time.</doc>
<msg timestamp="20211216 20:18:00.615" level="INFO">Slept 2 seconds</msg>
<status status="PASS" starttime="20211216 20:17:58.614" endtime="20211216 20:18:00.615"/>
</kw>
<kw name="Triple Click" library="ImageHorizonLibrary">
<doc>Triple clicks with the specified mouse button.</doc>
<status status="PASS" starttime="20211216 20:18:00.615" endtime="20211216 20:18:00.724"/>
</kw>
<kw name="Type" library="ImageHorizonLibrary">
<arg>Editando video de forma automatizada</arg>
<doc>Type text and keyboard keys.</doc>
<status status="PASS" starttime="20211216 20:18:00.724" endtime="20211216 20:18:00.944"/>
</kw>
<kw name="Sleep" library="BuiltIn">
<arg>2</arg>
<doc>Pauses the test executed for the given time.</doc>
<msg timestamp="20211216 20:18:02.955" level="INFO">Slept 2 seconds</msg>
<status status="PASS" starttime="20211216 20:18:00.944" endtime="20211216 20:18:02.958"/>
</kw>
<status status="PASS" starttime="20211216 20:17:53.582" endtime="20211216 20:18:02.958"/>
</kw>
<kw name="E centralizar o texto" library="keywords">
<kw name="Press Combination" library="ImageHorizonLibrary">
<arg>key.ctrl</arg>
<arg>key.left</arg>
<doc>Press given keyboard keys.</doc>
<status status="PASS" starttime="20211216 20:18:02.960" endtime="20211216 20:18:03.079"/>
</kw>
<kw name="Press Combination" library="ImageHorizonLibrary">
<arg>key.ctrl</arg>
<arg>key.left</arg>
<doc>Press given keyboard keys.</doc>
<status status="PASS" starttime="20211216 20:18:03.080" endtime="20211216 20:18:03.189"/>
</kw>
<kw name="Sleep" library="BuiltIn">
<arg>2</arg>
<doc>Pauses the test executed for the given time.</doc>
<msg timestamp="20211216 20:18:05.203" level="INFO">Slept 2 seconds</msg>
<status status="PASS" starttime="20211216 20:18:03.189" endtime="20211216 20:18:05.204"/>
</kw>
<kw name="Type" library="ImageHorizonLibrary">
<arg>Key.Enter</arg>
<doc>Type text and keyboard keys.</doc>
<status status="PASS" starttime="20211216 20:18:05.204" endtime="20211216 20:18:05.312"/>
</kw>
<status status="PASS" starttime="20211216 20:18:02.959" endtime="20211216 20:18:05.312"/>
</kw>
<kw name="E inserir uma animação" library="keywords">
<kw name="Click Image" library="ImageHorizonLibrary">
<arg>clickAnimacao.png</arg>
<doc>Finds the reference image on screen and clicks it once.</doc>
<msg timestamp="20211216 20:18:05.500" level="INFO">Image "D:\Users\mauri\Documents\Cursos\Robot\Robot_Desktop\resources\images\clickanimacao.png" found at Box(left=97, top=78, width=71, height=26)</msg>
<msg timestamp="20211216 20:18:05.500" level="INFO">Clicking image "clickAnimacao.png" in position (132, 91)</msg>
<status status="PASS" starttime="20211216 20:18:05.313" endtime="20211216 20:18:05.610"/>
</kw>
<kw name="Sleep" library="BuiltIn">
<arg>2</arg>
<doc>Pauses the test executed for the given time.</doc>
<msg timestamp="20211216 20:18:07.622" level="INFO">Slept 2 seconds</msg>
<status status="PASS" starttime="20211216 20:18:05.611" endtime="20211216 20:18:07.623"/>
</kw>
<kw name="Click Image" library="ImageHorizonLibrary">
<arg>clickPersonalizar.png</arg>
<doc>Finds the reference image on screen and clicks it once.</doc>
<msg timestamp="20211216 20:18:07.825" level="INFO">Image "D:\Users\mauri\Documents\Cursos\Robot\Robot_Desktop\resources\images\clickpersonalizar.png" found at Box(left=15, top=229, width=143, height=100)</msg>
<msg timestamp="20211216 20:18:07.826" level="INFO">Clicking image "clickPersonalizar.png" in position (86, 279)</msg>
<status status="PASS" starttime="20211216 20:18:07.624" endtime="20211216 20:18:07.949"/>
</kw>
<kw name="Double Click" library="ImageHorizonLibrary">
<doc>Double clicks with the specified mouse button.</doc>
<status status="PASS" starttime="20211216 20:18:07.950" endtime="20211216 20:18:08.072"/>
</kw>
<status status="PASS" starttime="20211216 20:18:05.313" endtime="20211216 20:18:08.073"/>
</kw>
<kw name="E executar o video em tela cheia" library="keywords">
<kw name="Click Image" library="ImageHorizonLibrary">
<arg>iconeTelaCheia</arg>
<doc>Finds the reference image on screen and clicks it once.</doc>
<msg timestamp="20211216 20:18:08.340" level="INFO">Image "D:\Users\mauri\Documents\Cursos\Robot\Robot_Desktop\resources\images\iconetelacheia.png" found at Box(left=1333, top=361, width=27, height=29)</msg>
<msg timestamp="20211216 20:18:08.341" level="INFO">Clicking image "iconeTelaCheia" in position (1346, 375)</msg>
<status status="PASS" starttime="20211216 20:18:08.077" endtime="20211216 20:18:08.487"/>
</kw>
<kw name="Type" library="ImageHorizonLibrary">
<arg>key.space</arg>
<doc>Type text and keyboard keys.</doc>
<status status="PASS" starttime="20211216 20:18:08.489" endtime="20211216 20:18:08.671"/>
</kw>
<status status="PASS" starttime="20211216 20:18:08.076" endtime="20211216 20:18:08.671"/>
</kw>
<kw name="Então sair do modo tela cheia e encerrar aplicação" library="keywords">
<kw name="Sleep" library="BuiltIn">
<arg>5</arg>
<doc>Pauses the test executed for the given time.</doc>
<msg timestamp="20211216 20:18:13.714" level="INFO">Slept 5 seconds</msg>
<status status="PASS" starttime="20211216 20:18:08.701" endtime="20211216 20:18:13.714"/>
</kw>
<kw name="Type" library="ImageHorizonLibrary">
<arg>key.esc</arg>
<doc>Type text and keyboard keys.</doc>
<status status="PASS" starttime="20211216 20:18:13.714" endtime="20211216 20:18:13.830"/>
</kw>
<status status="PASS" starttime="20211216 20:18:08.700" endtime="20211216 20:18:13.831"/>
</kw>
<kw name="Encerrar Aplicacao" type="TEARDOWN">
<kw name="Tirar Print">
<kw name="Take Screenshot" library="Screenshot">
<var>${ScreenshotPath}</var>
<doc>Takes a screenshot in JPEG format and embeds it into the log file.</doc>
<msg timestamp="20211216 20:18:13.991" level="INFO" html="true">&lt;a href="screenshot_14.jpg"&gt;&lt;img src="screenshot_14.jpg" width="800px"&gt;&lt;/a&gt;</msg>
<msg timestamp="20211216 20:18:13.992" level="INFO">${ScreenshotPath} = D:\Users\mauri\Documents\Cursos\Robot\Robot_Desktop\log\screenshot_14.jpg</msg>
<status status="PASS" starttime="20211216 20:18:13.840" endtime="20211216 20:18:13.992"/>
</kw>
<status status="PASS" starttime="20211216 20:18:13.839" endtime="20211216 20:18:13.992"/>
</kw>
<kw name="Terminate Application" library="ImageHorizonLibrary">
<doc>Terminates the process launched with `Launch Application` with
given ``alias``.</doc>
<status status="PASS" starttime="20211216 20:18:13.992" endtime="20211216 20:18:13.995"/>
</kw>
<status status="PASS" starttime="20211216 20:18:13.838" endtime="20211216 20:18:13.995"/>
</kw>
<status status="PASS" starttime="20211216 20:17:22.516" endtime="20211216 20:18:13.998"/>
</test>
<status status="PASS" starttime="20211216 20:17:22.076" endtime="20211216 20:18:14.003"/>
</suite>
<statistics>
<total>
<stat pass="1" fail="0" skip="0">All Tests</stat>
</total>
<tag>
</tag>
<suite>
<stat pass="1" fail="0" skip="0" id="s1" name="Resource">Resource</stat>
</suite>
</statistics>
<errors>
</errors>
</robot>
