<?xml version="1.0" encoding="UTF-8"?>
<robot generator="Robot 4.0 (Python 3.9.2 on win32)" generated="20211216 20:53:46.796" rpa="false" schemaversion="2">
<suite id="s1" name="Resource" source="D:\Users\mauri\Documents\Cursos\Robot\Robot_Desktop\resources\abrirApp\resource.robot">
<test id="s1-t1" name="Cenário 01: Abrir Filmora editar e executar um projeto">
<kw name="Dado que o Filmora seja iniciado" library="keywords">
<kw name="Iniciar Filmora" library="keywords">
<kw name="Launch Application" library="ImageHorizonLibrary">
<arg>C:/Program Files/Wondershare/Filmora9/Wondershare Filmora9.exe</arg>
<doc>Launches an application.</doc>
<status status="PASS" starttime="20211216 20:53:47.213" endtime="20211216 20:53:47.218"/>
</kw>
<status status="PASS" starttime="20211216 20:53:47.213" endtime="20211216 20:53:47.219"/>
</kw>
<kw name="Sleep" library="BuiltIn">
<arg>25</arg>
<doc>Pauses the test executed for the given time.</doc>
<msg timestamp="20211216 20:54:12.229" level="INFO">Slept 25 seconds</msg>
<status status="PASS" starttime="20211216 20:53:47.219" endtime="20211216 20:54:12.230"/>
</kw>
<kw name="Click Image" library="ImageHorizonLibrary">
<arg>app.png</arg>
<doc>Finds the reference image on screen and clicks it once.</doc>
<msg timestamp="20211216 20:54:12.483" level="INFO">Image "D:\Users\mauri\Documents\Cursos\Robot\Robot_Desktop\resources\images\app.png" found at Box(left=935, top=727, width=42, height=41)</msg>
<msg timestamp="20211216 20:54:12.483" level="INFO">Clicking image "app.png" in position (956, 747)</msg>
<status status="PASS" starttime="20211216 20:54:12.230" endtime="20211216 20:54:12.593"/>
</kw>
<status status="PASS" starttime="20211216 20:53:47.213" endtime="20211216 20:54:12.593"/>
</kw>
<kw name="Quando abrir projeto existente" library="keywords">
<kw name="Click Image" library="ImageHorizonLibrary">
<arg>abrir.png</arg>
<doc>Finds the reference image on screen and clicks it once.</doc>
<msg timestamp="20211216 20:54:12.768" level="INFO">Image "D:\Users\mauri\Documents\Cursos\Robot\Robot_Desktop\resources\images\abrir.png" found at Box(left=828, top=237, width=75, height=25)</msg>
<msg timestamp="20211216 20:54:12.768" level="INFO">Clicking image "abrir.png" in position (865, 249)</msg>
<status status="PASS" starttime="20211216 20:54:12.595" endtime="20211216 20:54:12.877"/>
</kw>
<kw name="Double Click" library="ImageHorizonLibrary">
<doc>Double clicks with the specified mouse button.</doc>
<status status="PASS" starttime="20211216 20:54:12.877" endtime="20211216 20:54:13.012"/>
</kw>
<kw name="Sleep" library="BuiltIn">
<arg>5</arg>
<doc>Pauses the test executed for the given time.</doc>
<msg timestamp="20211216 20:54:18.063" level="INFO">Slept 5 seconds</msg>
<status status="PASS" starttime="20211216 20:54:13.012" endtime="20211216 20:54:18.064"/>
</kw>
<kw name="Wait For" library="ImageHorizonLibrary">
<arg>projetoCarregado.png</arg>
<doc>Tries to locate given image from the screen for given time.</doc>
<msg timestamp="20211216 20:54:18.269" level="INFO">Image "projetoCarregado.png" found at (1055, 182)</msg>
<status status="PASS" starttime="20211216 20:54:18.064" endtime="20211216 20:54:18.269"/>
</kw>
<status status="PASS" starttime="20211216 20:54:12.594" endtime="20211216 20:54:18.269"/>
</kw>
<kw name="E selecionar e editar o texto do video" library="keywords">
<kw name="Click Image" library="ImageHorizonLibrary">
<arg>editarTexto.png</arg>
<doc>Finds the reference image on screen and clicks it once.</doc>
<msg timestamp="20211216 20:54:18.425" level="INFO">Image "D:\Users\mauri\Documents\Cursos\Robot\Robot_Desktop\resources\images\editartexto.png" found at Box(left=892, top=152, width=315, height=50)</msg>
<msg timestamp="20211216 20:54:18.425" level="INFO">Clicking image "editarTexto.png" in position (1049, 177)</msg>
<status status="PASS" starttime="20211216 20:54:18.270" endtime="20211216 20:54:18.538"/>
</kw>
<kw name="Sleep" library="BuiltIn">
<arg>2</arg>
<doc>Pauses the test executed for the given time.</doc>
<msg timestamp="20211216 20:54:20.549" level="INFO">Slept 2 seconds</msg>
<status status="PASS" starttime="20211216 20:54:18.538" endtime="20211216 20:54:20.550"/>
</kw>
<kw name="Double Click" library="ImageHorizonLibrary">
<doc>Double clicks with the specified mouse button.</doc>
<status status="PASS" starttime="20211216 20:54:20.550" endtime="20211216 20:54:20.675"/>
</kw>
<kw name="Sleep" library="BuiltIn">
<arg>2</arg>
<doc>Pauses the test executed for the given time.</doc>
<msg timestamp="20211216 20:54:22.686" level="INFO">Slept 2 seconds</msg>
<status status="PASS" starttime="20211216 20:54:20.675" endtime="20211216 20:54:22.687"/>
</kw>
<kw name="Click Image" library="ImageHorizonLibrary">
<arg>campoTexto.png</arg>
<doc>Finds the reference image on screen and clicks it once.</doc>
<msg timestamp="20211216 20:54:23.081" level="INFO">Image "D:\Users\mauri\Documents\Cursos\Robot\Robot_Desktop\resources\images\campotexto.png" found at Box(left=333, top=170, width=388, height=149)</msg>
<msg timestamp="20211216 20:54:23.081" level="INFO">Clicking image "campoTexto.png" in position (527, 244)</msg>
<status status="PASS" starttime="20211216 20:54:22.687" endtime="20211216 20:54:23.194"/>
</kw>
<kw name="Click Image" library="ImageHorizonLibrary">
<arg>your.png</arg>
<doc>Finds the reference image on screen and clicks it once.</doc>
<msg timestamp="20211216 20:54:23.346" level="INFO">Image "D:\Users\mauri\Documents\Cursos\Robot\Robot_Desktop\resources\images\your.png" found at Box(left=332, top=171, width=47, height=24)</msg>
<msg timestamp="20211216 20:54:23.346" level="INFO">Clicking image "your.png" in position (355, 183)</msg>
<status status="PASS" starttime="20211216 20:54:23.194" endtime="20211216 20:54:23.450"/>
</kw>
<kw name="Sleep" library="BuiltIn">
<arg>2</arg>
<doc>Pauses the test executed for the given time.</doc>
<msg timestamp="20211216 20:54:25.458" level="INFO">Slept 2 seconds</msg>
<status status="PASS" starttime="20211216 20:54:23.450" endtime="20211216 20:54:25.458"/>
</kw>
<kw name="Triple Click" library="ImageHorizonLibrary">
<doc>Triple clicks with the specified mouse button.</doc>
<status status="PASS" starttime="20211216 20:54:25.459" endtime="20211216 20:54:25.568"/>
</kw>
<kw name="Type" library="ImageHorizonLibrary">
<arg>Editando video de forma automatizada</arg>
<doc>Type text and keyboard keys.</doc>
<status status="PASS" starttime="20211216 20:54:25.568" endtime="20211216 20:54:25.712"/>
</kw>
<kw name="Sleep" library="BuiltIn">
<arg>2</arg>
<doc>Pauses the test executed for the given time.</doc>
<msg timestamp="20211216 20:54:27.726" level="INFO">Slept 2 seconds</msg>
<status status="PASS" starttime="20211216 20:54:25.712" endtime="20211216 20:54:27.727"/>
</kw>
<status status="PASS" starttime="20211216 20:54:18.270" endtime="20211216 20:54:27.728"/>
</kw>
<kw name="E centralizar o texto" library="keywords">
<kw name="Press Combination" library="ImageHorizonLibrary">
<arg>key.ctrl</arg>
<arg>key.left</arg>
<doc>Press given keyboard keys.</doc>
<status status="PASS" starttime="20211216 20:54:27.731" endtime="20211216 20:54:27.853"/>
</kw>
<kw name="Press Combination" library="ImageHorizonLibrary">
<arg>key.ctrl</arg>
<arg>key.left</arg>
<doc>Press given keyboard keys.</doc>
<status status="PASS" starttime="20211216 20:54:27.853" endtime="20211216 20:54:27.965"/>
</kw>
<kw name="Sleep" library="BuiltIn">
<arg>2</arg>
<doc>Pauses the test executed for the given time.</doc>
<msg timestamp="20211216 20:54:29.974" level="INFO">Slept 2 seconds</msg>
<status status="PASS" starttime="20211216 20:54:27.965" endtime="20211216 20:54:29.975"/>
</kw>
<kw name="Type" library="ImageHorizonLibrary">
<arg>Key.Enter</arg>
<doc>Type text and keyboard keys.</doc>
<status status="PASS" starttime="20211216 20:54:29.975" endtime="20211216 20:54:30.084"/>
</kw>
<status status="PASS" starttime="20211216 20:54:27.730" endtime="20211216 20:54:30.084"/>
</kw>
<kw name="E inserir uma animação" library="keywords">
<kw name="Click Image" library="ImageHorizonLibrary">
<arg>clickAnimacao.png</arg>
<doc>Finds the reference image on screen and clicks it once.</doc>
<msg timestamp="20211216 20:54:30.234" level="INFO">Image "D:\Users\mauri\Documents\Cursos\Robot\Robot_Desktop\resources\images\clickanimacao.png" found at Box(left=97, top=78, width=71, height=26)</msg>
<msg timestamp="20211216 20:54:30.234" level="INFO">Clicking image "clickAnimacao.png" in position (132, 91)</msg>
<status status="PASS" starttime="20211216 20:54:30.085" endtime="20211216 20:54:30.338"/>
</kw>
<kw name="Sleep" library="BuiltIn">
<arg>2</arg>
<doc>Pauses the test executed for the given time.</doc>
<msg timestamp="20211216 20:54:32.346" level="INFO">Slept 2 seconds</msg>
<status status="PASS" starttime="20211216 20:54:30.338" endtime="20211216 20:54:32.346"/>
</kw>
<kw name="Click Image" library="ImageHorizonLibrary">
<arg>clickPersonalizar.png</arg>
<doc>Finds the reference image on screen and clicks it once.</doc>
<msg timestamp="20211216 20:54:32.568" level="INFO">Image "D:\Users\mauri\Documents\Cursos\Robot\Robot_Desktop\resources\images\clickpersonalizar.png" found at Box(left=15, top=229, width=143, height=100)</msg>
<msg timestamp="20211216 20:54:32.568" level="INFO">Clicking image "clickPersonalizar.png" in position (86, 279)</msg>
<status status="PASS" starttime="20211216 20:54:32.347" endtime="20211216 20:54:32.695"/>
</kw>
<kw name="Double Click" library="ImageHorizonLibrary">
<doc>Double clicks with the specified mouse button.</doc>
<status status="PASS" starttime="20211216 20:54:32.695" endtime="20211216 20:54:32.807"/>
</kw>
<status status="PASS" starttime="20211216 20:54:30.085" endtime="20211216 20:54:32.807"/>
</kw>
<kw name="E executar o video em tela cheia" library="keywords">
<kw name="Click Image" library="ImageHorizonLibrary">
<arg>iconeTelaCheia</arg>
<doc>Finds the reference image on screen and clicks it once.</doc>
<msg timestamp="20211216 20:54:33.001" level="INFO">Image "D:\Users\mauri\Documents\Cursos\Robot\Robot_Desktop\resources\images\iconetelacheia.png" found at Box(left=1333, top=361, width=27, height=29)</msg>
<msg timestamp="20211216 20:54:33.001" level="INFO">Clicking image "iconeTelaCheia" in position (1346, 375)</msg>
<status status="PASS" starttime="20211216 20:54:32.809" endtime="20211216 20:54:33.128"/>
</kw>
<kw name="Type" library="ImageHorizonLibrary">
<arg>key.space</arg>
<doc>Type text and keyboard keys.</doc>
<status status="PASS" starttime="20211216 20:54:33.128" endtime="20211216 20:54:33.240"/>
</kw>
<status status="PASS" starttime="20211216 20:54:32.808" endtime="20211216 20:54:33.242"/>
</kw>
<kw name="Então sair do modo tela cheia e encerrar aplicação" library="keywords">
<kw name="Sleep" library="BuiltIn">
<arg>5</arg>
<doc>Pauses the test executed for the given time.</doc>
<msg timestamp="20211216 20:54:38.252" level="INFO">Slept 5 seconds</msg>
<status status="PASS" starttime="20211216 20:54:33.245" endtime="20211216 20:54:38.252"/>
</kw>
<kw name="Type" library="ImageHorizonLibrary">
<arg>key.esc</arg>
<doc>Type text and keyboard keys.</doc>
<status status="PASS" starttime="20211216 20:54:38.252" endtime="20211216 20:54:38.359"/>
</kw>
<status status="PASS" starttime="20211216 20:54:33.245" endtime="20211216 20:54:38.359"/>
</kw>
<kw name="Encerrar Aplicacao" type="TEARDOWN">
<kw name="Tirar Print">
<kw name="Take Screenshot" library="Screenshot">
<var>${ScreenshotPath}</var>
<doc>Takes a screenshot in JPEG format and embeds it into the log file.</doc>
<msg timestamp="20211216 20:54:38.491" level="INFO" html="true">&lt;a href="screenshot_2.jpg"&gt;&lt;img src="screenshot_2.jpg" width="800px"&gt;&lt;/a&gt;</msg>
<msg timestamp="20211216 20:54:38.491" level="INFO">${ScreenshotPath} = D:\Users\mauri\Documents\Cursos\Robot\Robot_Desktop\log\screenshot_2.jpg</msg>
<status status="PASS" starttime="20211216 20:54:38.361" endtime="20211216 20:54:38.491"/>
</kw>
<status status="PASS" starttime="20211216 20:54:38.361" endtime="20211216 20:54:38.491"/>
</kw>
<kw name="Terminate Application" library="ImageHorizonLibrary">
<doc>Terminates the process launched with `Launch Application` with
given ``alias``.</doc>
<status status="PASS" starttime="20211216 20:54:38.492" endtime="20211216 20:54:38.493"/>
</kw>
<status status="PASS" starttime="20211216 20:54:38.360" endtime="20211216 20:54:38.494"/>
</kw>
<status status="PASS" starttime="20211216 20:53:47.212" endtime="20211216 20:54:38.494"/>
</test>
<status status="PASS" starttime="20211216 20:53:46.798" endtime="20211216 20:54:38.496"/>
</suite>
<statistics>
<total>
<stat pass="1" fail="0" skip="0">All Tests</stat>
</total>
<tag>
</tag>
<suite>
<stat pass="1" fail="0" skip="0" id="s1" name="Resource">Resource</stat>
</suite>
</statistics>
<errors>
</errors>
</robot>
